2025-12-09 13:25:54 - [SERVIDOR] Coordenador iniciado em 127.0.0.1:5000
2025-12-09 13:25:54 - [SERVIDOR] Coordenador pronto.
2025-12-09 13:26:03 - [CONEXAO] Novo processo conectado: ('127.0.0.1', 63004)
2025-12-09 13:26:03 - [CONEXAO] Processo 2 identificado
2025-12-09 13:26:03 - [RECEBIDO] REQUEST de Processo 2
2025-12-09 13:26:03 - [ENVIADO] GRANT para Processo 2
2025-12-09 13:26:03 - [CONEXAO] Novo processo conectado: ('127.0.0.1', 63005)
2025-12-09 13:26:03 - [CONEXAO] Processo 3 identificado
2025-12-09 13:26:03 - [RECEBIDO] REQUEST de Processo 3
2025-12-09 13:26:03 - [CONEXAO] Novo processo conectado: ('127.0.0.1', 63007)
2025-12-09 13:26:03 - [CONEXAO] Processo 4 identificado
2025-12-09 13:26:03 - [RECEBIDO] REQUEST de Processo 4
2025-12-09 13:26:03 - [CONEXAO] Novo processo conectado: ('127.0.0.1', 63008)
2025-12-09 13:26:03 - [CONEXAO] Processo 1 identificado
2025-12-09 13:26:03 - [CONEXAO] Novo processo conectado: ('127.0.0.1', 63009)
2025-12-09 13:26:03 - [RECEBIDO] REQUEST de Processo 1
2025-12-09 13:26:03 - [CONEXAO] Processo 5 identificado
2025-12-09 13:26:03 - [RECEBIDO] REQUEST de Processo 5
2025-12-09 13:26:04 - [RECEBIDO] RELEASE de Processo 2
2025-12-09 13:26:04 - [ENVIADO] GRANT para Processo 3
2025-12-09 13:26:04 - [RECEBIDO] REQUEST de Processo 2
2025-12-09 13:26:05 - [RECEBIDO] RELEASE de Processo 3
2025-12-09 13:26:05 - [ENVIADO] GRANT para Processo 4
2025-12-09 13:26:05 - [RECEBIDO] REQUEST de Processo 3
2025-12-09 13:26:06 - [RECEBIDO] RELEASE de Processo 4
2025-12-09 13:26:06 - [ENVIADO] GRANT para Processo 1
2025-12-09 13:26:06 - [RECEBIDO] REQUEST de Processo 4
2025-12-09 13:26:07 - [RECEBIDO] RELEASE de Processo 1
2025-12-09 13:26:07 - [ENVIADO] GRANT para Processo 5
2025-12-09 13:26:07 - [RECEBIDO] REQUEST de Processo 1
2025-12-09 13:26:08 - [RECEBIDO] RELEASE de Processo 5
2025-12-09 13:26:08 - [ENVIADO] GRANT para Processo 2
2025-12-09 13:26:08 - [RECEBIDO] REQUEST de Processo 5
2025-12-09 13:26:09 - [RECEBIDO] RELEASE de Processo 2
2025-12-09 13:26:09 - [ENVIADO] GRANT para Processo 3
2025-12-09 13:26:10 - [RECEBIDO] REQUEST de Processo 2
2025-12-09 13:26:10 - [RECEBIDO] RELEASE de Processo 3
2025-12-09 13:26:11 - [ENVIADO] GRANT para Processo 4
2025-12-09 13:26:11 - [RECEBIDO] REQUEST de Processo 3
2025-12-09 13:26:12 - [RECEBIDO] RELEASE de Processo 4
2025-12-09 13:26:12 - [ENVIADO] GRANT para Processo 1
2025-12-09 13:26:12 - [RECEBIDO] REQUEST de Processo 4
2025-12-09 13:26:13 - [RECEBIDO] RELEASE de Processo 1
2025-12-09 13:26:13 - [ENVIADO] GRANT para Processo 5
2025-12-09 13:26:13 - [RECEBIDO] REQUEST de Processo 1
2025-12-09 13:26:14 - [RECEBIDO] RELEASE de Processo 5
2025-12-09 13:26:14 - [ENVIADO] GRANT para Processo 2
2025-12-09 13:26:14 - [RECEBIDO] REQUEST de Processo 5
2025-12-09 13:26:15 - [RECEBIDO] RELEASE de Processo 2
2025-12-09 13:26:15 - [ENVIADO] GRANT para Processo 3
2025-12-09 13:26:16 - [RECEBIDO] RELEASE de Processo 3
2025-12-09 13:26:16 - [ENVIADO] GRANT para Processo 4
2025-12-09 13:26:17 - [RECEBIDO] RELEASE de Processo 4
2025-12-09 13:26:17 - [ENVIADO] GRANT para Processo 1
2025-12-09 13:26:18 - [RECEBIDO] RELEASE de Processo 1
2025-12-09 13:26:18 - [ENVIADO] GRANT para Processo 5
2025-12-09 13:26:19 - [RECEBIDO] RELEASE de Processo 5
